[1.240s] Invoking command in '/CPE416/ros_ws/src/build/lab2': PYTHONPATH=/CPE416/ros_ws/src/build/lab2/prefix_override:/usr/lib/python3/dist-packages/colcon_core/task/python/colcon_distutils_commands:/CPE416/ros_ws/src/install/lab2/lib/python3.10/site-packages:${PYTHONPATH} /usr/bin/python3 -W ignore:setup.py install is deprecated -W ignore:easy_install command is deprecated setup.py develop --editable --build-directory /CPE416/ros_ws/src/build/lab2/build --no-deps symlink_data
[1.532s] running develop
[1.670s] running egg_info
[1.670s] creating lab2.egg-info
[1.690s] writing lab2.egg-info/PKG-INFO
[1.690s] writing dependency_links to lab2.egg-info/dependency_links.txt
[1.690s] writing entry points to lab2.egg-info/entry_points.txt
[1.691s] writing requirements to lab2.egg-info/requires.txt
[1.691s] writing top-level names to lab2.egg-info/top_level.txt
[1.691s] writing manifest file 'lab2.egg-info/SOURCES.txt'
[1.694s] reading manifest file 'lab2.egg-info/SOURCES.txt'
[1.694s] writing manifest file 'lab2.egg-info/SOURCES.txt'
[1.696s] running build_ext
[1.696s] Creating /CPE416/ros_ws/src/install/lab2/lib/python3.10/site-packages/lab2.egg-link (link to .)
[1.698s] Installing draw_spiral script to /CPE416/ros_ws/src/install/lab2/lib/lab2
[1.698s] Installing draw_square script to /CPE416/ros_ws/src/install/lab2/lib/lab2
[1.699s] 
[1.699s] Installed /CPE416/ros_ws/src/build/lab2
[1.699s] running symlink_data
[1.699s] creating /CPE416/ros_ws/src/install/lab2/share/ament_index
[1.699s] creating /CPE416/ros_ws/src/install/lab2/share/ament_index/resource_index
[1.699s] creating /CPE416/ros_ws/src/install/lab2/share/ament_index/resource_index/packages
[1.700s] symbolically linking /CPE416/ros_ws/src/build/lab2/resource/lab2 -> /CPE416/ros_ws/src/install/lab2/share/ament_index/resource_index/packages
[1.700s] symbolically linking /CPE416/ros_ws/src/build/lab2/package.xml -> /CPE416/ros_ws/src/install/lab2/share/lab2
[1.758s] Invoked command in '/CPE416/ros_ws/src/build/lab2' returned '0': PYTHONPATH=/CPE416/ros_ws/src/build/lab2/prefix_override:/usr/lib/python3/dist-packages/colcon_core/task/python/colcon_distutils_commands:/CPE416/ros_ws/src/install/lab2/lib/python3.10/site-packages:${PYTHONPATH} /usr/bin/python3 -W ignore:setup.py install is deprecated -W ignore:easy_install command is deprecated setup.py develop --editable --build-directory /CPE416/ros_ws/src/build/lab2/build --no-deps symlink_data
