[0.199s] DEBUG:colcon:Command line arguments: ['/usr/bin/colcon', 'build', '--symlink-install']
[0.199s] DEBUG:colcon:Parsed command line arguments: Namespace(log_base=None, log_level=None, verb_name='build', build_base='build', install_base='install', merge_install=False, symlink_install=True, test_result_base=None, continue_on_error=False, executor='parallel', parallel_workers=16, event_handlers=None, ignore_user_meta=False, metas=['./colcon.meta'], base_paths=['.'], packages_ignore=None, packages_ignore_regex=None, paths=None, packages_up_to=None, packages_up_to_regex=None, packages_above=None, packages_above_and_dependencies=None, packages_above_depth=None, packages_select_by_dep=None, packages_skip_by_dep=None, packages_skip_up_to=None, packages_select_build_failed=False, packages_skip_build_finished=False, packages_select_test_failures=False, packages_skip_test_passed=False, packages_select=None, packages_skip=None, packages_select_regex=None, packages_skip_regex=None, packages_start=None, packages_end=None, cmake_args=None, cmake_target=None, cmake_target_skip_unavailable=False, cmake_clean_cache=False, cmake_clean_first=False, cmake_force_configure=False, ament_cmake_args=None, catkin_cmake_args=None, catkin_skip_building_tests=False, mixin_files=None, mixin=None, verb_parser=<colcon_mixin.mixin.mixin_argument.MixinArgumentDecorator object at 0x7f1703fb71f0>, verb_extension=<colcon_core.verb.build.BuildVerb object at 0x7f1704170160>, main=<bound method BuildVerb.main of <colcon_core.verb.build.BuildVerb object at 0x7f1704170160>>, mixin_verb=('build',))
[0.523s] Level 1:colcon.colcon_core.package_discovery:discover_packages(colcon_meta) check parameters
[0.525s] INFO:colcon.colcon_metadata.package_discovery.colcon_meta:Using configuration from '/root/.colcon/metadata/default/Gazebo.meta'
[0.525s] INFO:colcon.colcon_metadata.package_discovery.colcon_meta:Using configuration from '/root/.colcon/metadata/default/fastdds.meta'
[0.526s] INFO:colcon.colcon_metadata.package_discovery.colcon_meta:Using configuration from '/root/.colcon/metadata/default/fastrtps.meta'
[0.526s] Level 1:colcon.colcon_core.package_discovery:discover_packages(recursive) check parameters
[0.526s] Level 1:colcon.colcon_core.package_discovery:discover_packages(ignore) check parameters
[0.526s] Level 1:colcon.colcon_core.package_discovery:discover_packages(path) check parameters
[0.526s] Level 1:colcon.colcon_core.package_discovery:discover_packages(colcon_meta) discover
[0.526s] Level 1:colcon.colcon_core.package_discovery:discover_packages(recursive) discover
[0.526s] INFO:colcon.colcon_core.package_discovery:Crawling recursively for packages in '/CPE416/ros_ws/src'
[0.526s] Level 1:colcon.colcon_core.package_identification:_identify(.) by extensions ['ignore', 'ignore_ament_install']
[0.527s] Level 1:colcon.colcon_core.package_identification:_identify(.) by extension 'ignore'
[0.527s] Level 1:colcon.colcon_core.package_identification:_identify(.) by extension 'ignore_ament_install'
[0.527s] Level 1:colcon.colcon_core.package_identification:_identify(.) by extensions ['colcon_pkg']
[0.527s] Level 1:colcon.colcon_core.package_identification:_identify(.) by extension 'colcon_pkg'
[0.527s] Level 1:colcon.colcon_core.package_identification:_identify(.) by extensions ['colcon_meta']
[0.527s] Level 1:colcon.colcon_core.package_identification:_identify(.) by extension 'colcon_meta'
[0.527s] Level 1:colcon.colcon_core.package_identification:_identify(.) by extensions ['ros']
[0.527s] Level 1:colcon.colcon_core.package_identification:_identify(.) by extension 'ros'
[0.544s] Level 1:colcon.colcon_core.package_identification:_identify(.) by extensions ['cmake', 'python']
[0.544s] Level 1:colcon.colcon_core.package_identification:_identify(.) by extension 'cmake'
[0.544s] Level 1:colcon.colcon_core.package_identification:_identify(.) by extension 'python'
[0.544s] Level 1:colcon.colcon_core.package_identification:_identify(.) by extensions ['python_setup_py']
[0.544s] Level 1:colcon.colcon_core.package_identification:_identify(.) by extension 'python_setup_py'
[0.545s] Level 1:colcon.colcon_core.package_identification:_identify(build) by extensions ['ignore', 'ignore_ament_install']
[0.545s] Level 1:colcon.colcon_core.package_identification:_identify(build) by extension 'ignore'
[0.545s] Level 1:colcon.colcon_core.package_identification:_identify(build) ignored
[0.545s] Level 1:colcon.colcon_core.package_identification:_identify(install) by extensions ['ignore', 'ignore_ament_install']
[0.546s] Level 1:colcon.colcon_core.package_identification:_identify(install) by extension 'ignore'
[0.546s] Level 1:colcon.colcon_core.package_identification:_identify(install) ignored
[0.546s] Level 1:colcon.colcon_core.package_identification:_identify(lab1) by extensions ['ignore', 'ignore_ament_install']
[0.546s] Level 1:colcon.colcon_core.package_identification:_identify(lab1) by extension 'ignore'
[0.546s] Level 1:colcon.colcon_core.package_identification:_identify(lab1) by extension 'ignore_ament_install'
[0.546s] Level 1:colcon.colcon_core.package_identification:_identify(lab1) by extensions ['colcon_pkg']
[0.546s] Level 1:colcon.colcon_core.package_identification:_identify(lab1) by extension 'colcon_pkg'
[0.546s] Level 1:colcon.colcon_core.package_identification:_identify(lab1) by extensions ['colcon_meta']
[0.546s] Level 1:colcon.colcon_core.package_identification:_identify(lab1) by extension 'colcon_meta'
[0.546s] Level 1:colcon.colcon_core.package_identification:_identify(lab1) by extensions ['ros']
[0.546s] Level 1:colcon.colcon_core.package_identification:_identify(lab1) by extension 'ros'
[0.551s] DEBUG:colcon.colcon_core.package_identification:Package 'lab1' with type 'ros.ament_python' and name 'lab1'
[0.551s] Level 1:colcon.colcon_core.package_identification:_identify(log) by extensions ['ignore', 'ignore_ament_install']
[0.551s] Level 1:colcon.colcon_core.package_identification:_identify(log) by extension 'ignore'
[0.551s] Level 1:colcon.colcon_core.package_identification:_identify(log) ignored
[0.551s] Level 1:colcon.colcon_core.package_discovery:discover_packages(recursive) using defaults
[0.551s] Level 1:colcon.colcon_core.package_discovery:discover_packages(ignore) discover
[0.551s] Level 1:colcon.colcon_core.package_discovery:discover_packages(ignore) using defaults
[0.551s] Level 1:colcon.colcon_core.package_discovery:discover_packages(path) discover
[0.551s] Level 1:colcon.colcon_core.package_discovery:discover_packages(path) using defaults
[0.587s] Level 5:colcon.colcon_core.verb:set package 'lab1' build argument 'cmake_args' from command line to 'None'
[0.587s] Level 5:colcon.colcon_core.verb:set package 'lab1' build argument 'cmake_target' from command line to 'None'
[0.587s] Level 5:colcon.colcon_core.verb:set package 'lab1' build argument 'cmake_target_skip_unavailable' from command line to 'False'
[0.587s] Level 5:colcon.colcon_core.verb:set package 'lab1' build argument 'cmake_clean_cache' from command line to 'False'
[0.587s] Level 5:colcon.colcon_core.verb:set package 'lab1' build argument 'cmake_clean_first' from command line to 'False'
[0.587s] Level 5:colcon.colcon_core.verb:set package 'lab1' build argument 'cmake_force_configure' from command line to 'False'
[0.587s] Level 5:colcon.colcon_core.verb:set package 'lab1' build argument 'ament_cmake_args' from command line to 'None'
[0.587s] Level 5:colcon.colcon_core.verb:set package 'lab1' build argument 'catkin_cmake_args' from command line to 'None'
[0.587s] Level 5:colcon.colcon_core.verb:set package 'lab1' build argument 'catkin_skip_building_tests' from command line to 'False'
[0.587s] DEBUG:colcon.colcon_core.verb:Building package 'lab1' with the following arguments: {'ament_cmake_args': None, 'build_base': '/CPE416/ros_ws/src/build/lab1', 'catkin_cmake_args': None, 'catkin_skip_building_tests': False, 'cmake_args': None, 'cmake_clean_cache': False, 'cmake_clean_first': False, 'cmake_force_configure': False, 'cmake_target': None, 'cmake_target_skip_unavailable': False, 'install_base': '/CPE416/ros_ws/src/install/lab1', 'merge_install': False, 'path': '/CPE416/ros_ws/src/lab1', 'symlink_install': True, 'test_result_base': None}
[0.587s] INFO:colcon.colcon_core.executor:Executing jobs using 'parallel' executor
[0.589s] DEBUG:colcon.colcon_parallel_executor.executor.parallel:run_until_complete
[0.589s] INFO:colcon.colcon_ros.task.ament_python.build:Building ROS package in '/CPE416/ros_ws/src/lab1' with build type 'ament_python'
[0.589s] Level 1:colcon.colcon_core.shell:create_environment_hook('lab1', 'ament_prefix_path')
[0.602s] INFO:colcon.colcon_core.plugin_system:Skipping extension 'colcon_core.shell.bat': Not used on non-Windows systems
[0.603s] INFO:colcon.colcon_core.shell:Creating environment hook '/CPE416/ros_ws/src/install/lab1/share/lab1/hook/ament_prefix_path.ps1'
[0.606s] INFO:colcon.colcon_core.shell:Creating environment descriptor '/CPE416/ros_ws/src/install/lab1/share/lab1/hook/ament_prefix_path.dsv'
[0.607s] INFO:colcon.colcon_core.shell:Creating environment hook '/CPE416/ros_ws/src/install/lab1/share/lab1/hook/ament_prefix_path.sh'
[0.610s] INFO:colcon.colcon_core.shell:Skip shell extension 'powershell' for command environment: Not usable outside of PowerShell
[0.610s] DEBUG:colcon.colcon_core.shell:Skip shell extension 'dsv' for command environment
[0.850s] INFO:colcon.colcon_core.task.python.build:Building Python package in '/CPE416/ros_ws/src/lab1'
[0.851s] INFO:colcon.colcon_core.shell:Skip shell extension 'powershell' for command environment: Not usable outside of PowerShell
[0.851s] DEBUG:colcon.colcon_core.shell:Skip shell extension 'dsv' for command environment
[1.165s] DEBUG:colcon.colcon_core.task.python.build:While undoing a previous installation files outside the Python library path are being ignored: /CPE416/ros_ws/src/install/lab1/share/ament_index/resource_index/packages/lab1
[1.166s] DEBUG:colcon.colcon_core.task.python.build:While undoing a previous installation files outside the Python library path are being ignored: /CPE416/ros_ws/src/install/lab1/share/lab1/package.xml
[1.166s] DEBUG:colcon.colcon_core.task.python.build:While undoing a previous installation files outside the Python library path are being ignored: /CPE416/ros_ws/src/install/lab1/lib/lab1/exec
[1.172s] DEBUG:colcon.colcon_core.event_handler.log_command:Invoking command in '/CPE416/ros_ws/src/build/lab1': PYTHONPATH=/CPE416/ros_ws/src/build/lab1/prefix_override:/usr/lib/python3/dist-packages/colcon_core/task/python/colcon_distutils_commands:/CPE416/ros_ws/src/install/lab1/lib/python3.10/site-packages:${PYTHONPATH} /usr/bin/python3 -W ignore:setup.py install is deprecated -W ignore:easy_install command is deprecated setup.py develop --editable --build-directory /CPE416/ros_ws/src/build/lab1/build --no-deps symlink_data --force
[1.482s] Level 1:colcon.colcon_core.shell:create_environment_hook('lab1', 'pythonpath_develop')
[1.482s] INFO:colcon.colcon_core.shell:Creating environment hook '/CPE416/ros_ws/src/build/lab1/share/lab1/hook/pythonpath_develop.ps1'
[1.483s] DEBUG:colcon.colcon_core.event_handler.log_command:Invoked command in '/CPE416/ros_ws/src/build/lab1' returned '0': PYTHONPATH=/CPE416/ros_ws/src/build/lab1/prefix_override:/usr/lib/python3/dist-packages/colcon_core/task/python/colcon_distutils_commands:/CPE416/ros_ws/src/install/lab1/lib/python3.10/site-packages:${PYTHONPATH} /usr/bin/python3 -W ignore:setup.py install is deprecated -W ignore:easy_install command is deprecated setup.py develop --editable --build-directory /CPE416/ros_ws/src/build/lab1/build --no-deps symlink_data --force
[1.484s] INFO:colcon.colcon_core.shell:Creating environment descriptor '/CPE416/ros_ws/src/build/lab1/share/lab1/hook/pythonpath_develop.dsv'
[1.484s] INFO:colcon.colcon_core.shell:Creating environment hook '/CPE416/ros_ws/src/build/lab1/share/lab1/hook/pythonpath_develop.sh'
[1.497s] Level 1:colcon.colcon_core.environment:checking '/CPE416/ros_ws/src/install/lab1' for CMake module files
[1.497s] Level 1:colcon.colcon_core.environment:checking '/CPE416/ros_ws/src/install/lab1' for CMake config files
[1.500s] Level 1:colcon.colcon_core.environment:checking '/CPE416/ros_ws/src/install/lab1/lib'
[1.500s] Level 1:colcon.colcon_core.environment:checking '/CPE416/ros_ws/src/install/lab1/bin'
[1.500s] Level 1:colcon.colcon_core.environment:checking '/CPE416/ros_ws/src/install/lab1/lib/pkgconfig/lab1.pc'
[1.500s] Level 1:colcon.colcon_core.environment:checking '/CPE416/ros_ws/src/install/lab1/lib/python3.10/site-packages'
[1.500s] Level 1:colcon.colcon_core.shell:create_environment_hook('lab1', 'pythonpath')
[1.501s] INFO:colcon.colcon_core.shell:Creating environment hook '/CPE416/ros_ws/src/install/lab1/share/lab1/hook/pythonpath.ps1'
[1.501s] INFO:colcon.colcon_core.shell:Creating environment descriptor '/CPE416/ros_ws/src/install/lab1/share/lab1/hook/pythonpath.dsv'
[1.501s] INFO:colcon.colcon_core.shell:Creating environment hook '/CPE416/ros_ws/src/install/lab1/share/lab1/hook/pythonpath.sh'
[1.502s] Level 1:colcon.colcon_core.environment:checking '/CPE416/ros_ws/src/install/lab1/bin'
[1.502s] Level 1:colcon.colcon_core.environment:create_environment_scripts_only(lab1)
[1.503s] INFO:colcon.colcon_core.shell:Creating package script '/CPE416/ros_ws/src/install/lab1/share/lab1/package.ps1'
[1.504s] INFO:colcon.colcon_core.shell:Creating package descriptor '/CPE416/ros_ws/src/install/lab1/share/lab1/package.dsv'
[1.505s] INFO:colcon.colcon_core.shell:Creating package script '/CPE416/ros_ws/src/install/lab1/share/lab1/package.sh'
[1.506s] INFO:colcon.colcon_core.shell:Creating package script '/CPE416/ros_ws/src/install/lab1/share/lab1/package.bash'
[1.508s] INFO:colcon.colcon_core.shell:Creating package script '/CPE416/ros_ws/src/install/lab1/share/lab1/package.zsh'
[1.509s] Level 1:colcon.colcon_core.environment:create_file_with_runtime_dependencies(/CPE416/ros_ws/src/install/lab1/share/colcon-core/packages/lab1)
[1.510s] DEBUG:colcon.colcon_parallel_executor.executor.parallel:closing loop
[1.511s] DEBUG:colcon.colcon_parallel_executor.executor.parallel:loop closed
[1.511s] DEBUG:colcon.colcon_parallel_executor.executor.parallel:run_until_complete finished with '0'
[1.511s] DEBUG:colcon.colcon_core.event_reactor:joining thread
[1.533s] INFO:colcon.colcon_core.plugin_system:Skipping extension 'colcon_notification.desktop_notification.notify_send': Could not find 'notify-send'
[1.534s] INFO:colcon.colcon_core.plugin_system:Skipping extension 'colcon_notification.desktop_notification.terminal_notifier': Not used on non-Darwin systems
[1.534s] INFO:colcon.colcon_core.plugin_system:Skipping extension 'colcon_notification.desktop_notification.win32': Not used on non-Windows systems
[1.534s] INFO:colcon.colcon_notification.desktop_notification:Sending desktop notification using 'notify2'
[1.538s] DEBUG:colcon.colcon_notification.desktop_notification.notify2:Failed to initialize notify2: org.freedesktop.DBus.Error.Spawn.ExecFailed: /usr/bin/dbus-launch terminated abnormally without any error message
[1.538s] DEBUG:colcon.colcon_core.event_reactor:joined thread
[1.539s] INFO:colcon.colcon_core.shell:Creating prefix script '/CPE416/ros_ws/src/install/local_setup.ps1'
[1.541s] INFO:colcon.colcon_core.shell:Creating prefix util module '/CPE416/ros_ws/src/install/_local_setup_util_ps1.py'
[1.544s] INFO:colcon.colcon_core.shell:Creating prefix chain script '/CPE416/ros_ws/src/install/setup.ps1'
[1.547s] INFO:colcon.colcon_core.shell:Creating prefix script '/CPE416/ros_ws/src/install/local_setup.sh'
[1.548s] INFO:colcon.colcon_core.shell:Creating prefix util module '/CPE416/ros_ws/src/install/_local_setup_util_sh.py'
[1.548s] INFO:colcon.colcon_core.shell:Creating prefix chain script '/CPE416/ros_ws/src/install/setup.sh'
[1.552s] INFO:colcon.colcon_core.shell:Creating prefix script '/CPE416/ros_ws/src/install/local_setup.bash'
[1.554s] INFO:colcon.colcon_core.shell:Creating prefix chain script '/CPE416/ros_ws/src/install/setup.bash'
[1.555s] INFO:colcon.colcon_core.shell:Creating prefix script '/CPE416/ros_ws/src/install/local_setup.zsh'
[1.556s] INFO:colcon.colcon_core.shell:Creating prefix chain script '/CPE416/ros_ws/src/install/setup.zsh'
